Vivado Simulator v2022.2
Copyright 1986-1999, 2001-2022 Xilinx, Inc. All Rights Reserved.
Running: C:/Xilinx/Vivado/2022.2/bin/unwrapped/win64.o/xelab.exe --incr --debug typical --relax --mt 2 -L xil_defaultlib -L unisims_ver -L unimacro_ver -L secureip --snapshot cnn_block_tb_behav xil_defaultlib.cnn_block_tb xil_defaultlib.glbl -log elaborate.log 
Using 2 slave threads.
Starting static elaboration
Pass Through NonSizing Optimizer
Completed static elaboration
Starting simulation data flow analysis
Completed simulation data flow analysis
Time Resolution for simulation is 1ps
Compiling module xil_defaultlib.qmult(N=32'b010000,Q=32'b01100)
Compiling module xil_defaultlib.qadd(N=32'b010000,Q=32'b01100)
Compiling module xil_defaultlib.mac_manual(N=32'b010000,Q=32'b01...
Compiling module xil_defaultlib.qmult(N=32'b010000)
Compiling module xil_defaultlib.qadd(N=32'b010000)
Compiling module xil_defaultlib.mac_manual(N=32'b010000)
Compiling module xil_defaultlib.variable_shift_reg(WIDTH=32'b010...
Compiling module xil_defaultlib.convolver(n=32'b0110,k=32'b011,s...
Compiling module xil_defaultlib.relu(N=32'b010000)
Compiling module xil_defaultlib.control_logic2(m=32'b0100,p=32'b...
Compiling module xil_defaultlib.comparator2(N=32'b010000,ptype=3...
Compiling module xil_defaultlib.max_reg(N=32'b010000)
Compiling module xil_defaultlib.variable_shift_reg(WIDTH=32'b010...
Compiling module xil_defaultlib.input_mux(N=32'b010000)
Compiling module xil_defaultlib.pooler(m=32'b0100,p=32'b010,N=32...
Compiling module xil_defaultlib.cnn_block(n=32'b0110,k=32'b011,p...
Compiling module xil_defaultlib.cnn_block_tb
Compiling module xil_defaultlib.glbl
Built simulation snapshot cnn_block_tb_behav
